<?xml version="1.0" encoding="UTF-8"?>
<testng-results ignored="0" total="1" passed="1" failed="0" skipped="0">
  <reporter-output>
  </reporter-output>
  <suite started-at="2020-11-28T17:37:54Z" name="Default suite" finished-at="2020-11-28T17:38:48Z" duration-ms="54241">
    <groups>
    </groups>
    <test started-at="2020-11-28T17:37:54Z" name="Default test" finished-at="2020-11-28T17:38:48Z" duration-ms="54241">
      <class name="tests.CreateUserTest">
        <test-method is-config="true" signature="test()[pri:0, instance:tests.CreateUserTest@3012646b]" started-at="2020-11-28T17:37:54Z" name="test" finished-at="2020-11-28T17:38:10Z" duration-ms="16138" status="PASS">
          <reporter-output>
          </reporter-output>
        </test-method> <!-- test -->
        <test-method signature="createUser()[pri:0, instance:tests.CreateUserTest@3012646b]" started-at="2020-11-28T17:38:10Z" name="createUser" finished-at="2020-11-28T17:38:48Z" duration-ms="38069" status="PASS">
          <reporter-output>
          </reporter-output>
        </test-method> <!-- createUser -->
      </class> <!-- tests.CreateUserTest -->
    </test> <!-- Default test -->
  </suite> <!-- Default suite -->
</testng-results>
